<?xml version="1.0" encoding="UTF-8"?>
<testng-results ignored="0" total="1" passed="1" failed="0" skipped="0">
  <reporter-output>
  </reporter-output>
  <suite started-at="2022-09-28T10:09:30 IST" name="Default suite" finished-at="2022-09-28T10:10:17 IST" duration-ms="47201">
    <groups>
    </groups>
    <test started-at="2022-09-28T10:09:30 IST" name="Default test" finished-at="2022-09-28T10:10:17 IST" duration-ms="47201">
      <class name="KDD.testRunner.ExecuteTestRunner">
        <test-method signature="execute()[pri:0, instance:KDD.testRunner.ExecuteTestRunner@2892dae4]" started-at="2022-09-28T10:09:30 IST" name="execute" finished-at="2022-09-28T10:10:17 IST" duration-ms="47145" status="PASS">
          <reporter-output>
          </reporter-output>
        </test-method> <!-- execute -->
      </class> <!-- KDD.testRunner.ExecuteTestRunner -->
    </test> <!-- Default test -->
  </suite> <!-- Default suite -->
</testng-results>
